Mono path[0] = 'd:/steam/steamapps/common/RimWorld/RimWorldWin64_Data/Managed'
Mono config path = 'd:/steam/steamapps/common/RimWorld/MonoBleedingEdge/etc'
Initialize engine version: 2019.4.30f1 (e8c891080a1f)
[Subsystems] Discovering subsystems at path d:/steam/steamapps/common/RimWorld/RimWorldWin64_Data/UnitySubsystems
GfxDevice: creating device client; threaded=1
Direct3D:
    Version:  Direct3D 11.0 [level 11.0]
    Renderer: NVIDIA GeForce GTX 765M (ID=0x11e2)
    Vendor:   
    VRAM:     2009 MB
    Driver:   25.21.14.2531
Begin MonoManager ReloadAssembly
- Completed reload, in  0.166 seconds
<RI> Initializing input.
<RI> Input initialized.
<RI> Initialized touch support.
UnloadTime: 1.126800 ms
Command line arguments: -popupwindow
RimWorld 1.4.3580 rev1304
Mod Hooded Helms addon for Medieval Overhaul dependency (DankPyon.Medieval.Overhaul) needs to have <downloadUrl> and/or <steamWorkshopUrl> specified. 
(Filename: C:\buildslave\unity\build\Runtime/Export/Debug/Debug.bindings.h Line: 39)

Mod Biotech Capacitor Genes - Extra OP dependency (Petre27.BiotechCapacitorGenes) needs to have <downloadUrl> and/or <steamWorkshopUrl> specified. 
(Filename: C:\buildslave\unity\build\Runtime/Export/Debug/Debug.bindings.h Line: 39)

Mod Evolved Organs Retexture dependency (StatistNo1.EvolvedOrgansRedux) needs to have <downloadUrl> and/or <steamWorkshopUrl> specified. 
(Filename: C:\buildslave\unity\build\Runtime/Export/Debug/Debug.bindings.h Line: 39)

Unloading 5 Unused Serialized files (Serialized files now loaded: 3)

Unloading 39 unused Assets to reduce memory usage. Loaded Objects now: 20204.
Total: 254.602200 ms (FindLiveObjects: 1.730600 ms CreateObjectMapping: 1.496900 ms MarkObjects: 251.271000 ms  DeleteObjects: 0.103300 ms)

Exception filling window for RimWorld.Page_ConfigureIdeo: System.ArgumentNullException: Value cannot be null.
Parameter name: key
  at System.Collections.Generic.Dictionary`2[TKey,TValue].FindEntry (TKey key) [0x00008] in <eae584ce26bc40229c1b1aa476bfa589>:0 
  at System.Collections.Generic.Dictionary`2[TKey,TValue].TryGetValue (TKey key, TValue& value) [0x00000] in <eae584ce26bc40229c1b1aa476bfa589>:0 
  at Verse.ModContentHolder`1[T].Get (System.String path) [0x00000] in <3126aca1aad041dcbdeda807cfe004bf>:0 
  at Verse.ContentFinder`1[T].Get (System.String itemPath, System.Boolean reportFailure) [0x0004d] in <3126aca1aad041dcbdeda807cfe004bf>:0 
  at RimWorld.CultureDef.get_Icon () [0x0000e] in <3126aca1aad041dcbdeda807cfe004bf>:0 
  at RimWorld.IdeoUIUtility.DoName (System.Single& curY, System.Single width, RimWorld.Ideo ideo, RimWorld.IdeoEditMode editMode) [0x00253] in <3126aca1aad041dcbdeda807cfe004bf>:0 
  at RimWorld.IdeoUIUtility.DoIdeoDetails (UnityEngine.Rect inRect, RimWorld.Ideo ideo, UnityEngine.Vector2& scrollPosition, System.Single& viewHeight, System.Boolean editMode, System.Action`1[T] ideoLoadedFromFile, System.Boolean allowLoad, System.Boolean allowSave, System.Boolean reform, System.Boolean forArchonexusRestart) [0x000d7] in <3126aca1aad041dcbdeda807cfe004bf>:0 
  at RimWorld.IdeoUIUtility.DoIdeoListAndDetails (UnityEngine.Rect fillRect, UnityEngine.Vector2& scrollPosition_list, System.Single& scrollViewHeight_list, UnityEngine.Vector2& scrollPosition_details, System.Single& scrollViewHeight_details, System.Boolean editMode, System.Boolean showCreateIdeoButton, System.Collections.Generic.List`1[T] pawns, RimWorld.Ideo onlyEditIdeo, System.Action createCustomBtnActOverride, System.Boolean forArchonexusRestart, System.Func`2[T,TResult] pawnIdeoGetter, System.Action`1[T] ideoLoadedFromFile, System.Boolean showLoadExistingIdeoBtn, System.Boolean allowLoad, System.Action createFluidBtnAct) [0x00167] in <3126aca1aad041dcbdeda807cfe004bf>:0 
  at RimWorld.Page_ConfigureIdeo.DoIdeos (UnityEngine.Rect rect) [0x0002b] in <3126aca1aad041dcbdeda807cfe004bf>:0 
  at RimWorld.Page_ConfigureIdeo.DoWindowContents (UnityEngine.Rect rect) [0x00007] in <3126aca1aad041dcbdeda807cfe004bf>:0 
  at Verse.Window.InnerWindowOnGUI (System.Int32 x) [0x001d3] in <3126aca1aad041dcbdeda807cfe004bf>:0  
(Filename: C:\buildslave\unity\build\Runtime/Export/Debug/Debug.bindings.h Line: 39)

Mouse position stack is not empty. There were more calls to BeginScrollView than EndScrollView. Fixing. 
(Filename: C:\buildslave\unity\build\Runtime/Export/Debug/Debug.bindings.h Line: 39)

Setting up 2 worker threads for Enlighten.
  Thread -> id: 1724 -> priority: 1 
  Thread -> id: 11f0 -> priority: 1 
